  Behaviours.cpp
C:\SFML-3.0.0\include\SFML\System\Exception.hpp(41,47): warning C4275: non dll-interface class 'std::runtime_error' used as base for dll-interface class 'sf::Exception'
  (compiling source file 'Behaviours.cpp')
      C:\Program Files\Microsoft Visual Studio\2022\Community\VC\Tools\MSVC\14.41.34120\include\stdexcept(100,19):
      see declaration of 'std::runtime_error'
      C:\SFML-3.0.0\include\SFML\System\Exception.hpp(41,23):
      see declaration of 'sf::Exception'
  
  BoundaryManager.cpp
C:\SFML-3.0.0\include\SFML\System\Exception.hpp(41,47): warning C4275: non dll-interface class 'std::runtime_error' used as base for dll-interface class 'sf::Exception'
  (compiling source file 'BoundaryManager.cpp')
      C:\Program Files\Microsoft Visual Studio\2022\Community\VC\Tools\MSVC\14.41.34120\include\stdexcept(100,19):
      see declaration of 'std::runtime_error'
      C:\SFML-3.0.0\include\SFML\System\Exception.hpp(41,23):
      see declaration of 'sf::Exception'
  
  BoundaryManager.h
C:\SFML-3.0.0\include\SFML\System\Exception.hpp(41,47): warning C4275: non dll-interface class 'std::runtime_error' used as base for dll-interface class 'sf::Exception'
  (compiling source file 'BoundaryManager.h')
      C:\Program Files\Microsoft Visual Studio\2022\Community\VC\Tools\MSVC\14.41.34120\include\stdexcept(100,19):
      see declaration of 'std::runtime_error'
      C:\SFML-3.0.0\include\SFML\System\Exception.hpp(41,23):
      see declaration of 'sf::Exception'
  
  Game.cpp
  LennardJones.cpp
C:\Users\Jordan\Desktop\4th Year Work\AIGames\AI-Games\AI Game Lab1\AI Game Lab1\LennardJones.cpp(8,19): warning C4244: 'initializing': conversion from 'double' to 'float', possible loss of data
C:\Users\Jordan\Desktop\4th Year Work\AIGames\AI-Games\AI Game Lab1\AI Game Lab1\LennardJones.cpp(9,19): warning C4244: 'initializing': conversion from 'double' to 'float', possible loss of data
  main.cpp
C:\Users\Jordan\Desktop\4th Year Work\AIGames\AI-Games\AI Game Lab1\AI Game Lab1\main.cpp(33,12): warning C4244: 'argument': conversion from 'time_t' to 'unsigned int', possible loss of data
  NeighbourMonitor.cpp
C:\SFML-3.0.0\include\SFML\System\Exception.hpp(41,47): warning C4275: non dll-interface class 'std::runtime_error' used as base for dll-interface class 'sf::Exception'
  (compiling source file 'NeighbourMonitor.cpp')
      C:\Program Files\Microsoft Visual Studio\2022\Community\VC\Tools\MSVC\14.41.34120\include\stdexcept(100,19):
      see declaration of 'std::runtime_error'
      C:\SFML-3.0.0\include\SFML\System\Exception.hpp(41,23):
      see declaration of 'sf::Exception'
  
  NPC.cpp
C:\SFML-3.0.0\include\SFML\System\Exception.hpp(41,47): warning C4275: non dll-interface class 'std::runtime_error' used as base for dll-interface class 'sf::Exception'
  (compiling source file 'NPC.cpp')
      C:\Program Files\Microsoft Visual Studio\2022\Community\VC\Tools\MSVC\14.41.34120\include\stdexcept(100,19):
      see declaration of 'std::runtime_error'
      C:\SFML-3.0.0\include\SFML\System\Exception.hpp(41,23):
      see declaration of 'sf::Exception'
  
  NPCManager.cpp
C:\SFML-3.0.0\include\SFML\System\Exception.hpp(41,47): warning C4275: non dll-interface class 'std::runtime_error' used as base for dll-interface class 'sf::Exception'
  (compiling source file 'NPCManager.cpp')
      C:\Program Files\Microsoft Visual Studio\2022\Community\VC\Tools\MSVC\14.41.34120\include\stdexcept(100,19):
      see declaration of 'std::runtime_error'
      C:\SFML-3.0.0\include\SFML\System\Exception.hpp(41,23):
      see declaration of 'sf::Exception'
  
  Player.cpp
C:\SFML-3.0.0\include\SFML\System\Exception.hpp(41,47): warning C4275: non dll-interface class 'std::runtime_error' used as base for dll-interface class 'sf::Exception'
  (compiling source file 'Player.cpp')
      C:\Program Files\Microsoft Visual Studio\2022\Community\VC\Tools\MSVC\14.41.34120\include\stdexcept(100,19):
      see declaration of 'std::runtime_error'
      C:\SFML-3.0.0\include\SFML\System\Exception.hpp(41,23):
      see declaration of 'sf::Exception'
  
  SwarmSystem.cpp
C:\SFML-3.0.0\include\SFML\System\Exception.hpp(41,47): warning C4275: non dll-interface class 'std::runtime_error' used as base for dll-interface class 'sf::Exception'
  (compiling source file 'SwarmSystem.cpp')
      C:\Program Files\Microsoft Visual Studio\2022\Community\VC\Tools\MSVC\14.41.34120\include\stdexcept(100,19):
      see declaration of 'std::runtime_error'
      C:\SFML-3.0.0\include\SFML\System\Exception.hpp(41,23):
      see declaration of 'sf::Exception'
  
C:\Users\Jordan\Desktop\4th Year Work\AIGames\AI-Games\AI Game Lab1\AI Game Lab1\SwarmSystem.cpp(9,17): warning C4244: '=': conversion from 'const int' to 'float', possible loss of data
C:\Users\Jordan\Desktop\4th Year Work\AIGames\AI-Games\AI Game Lab1\AI Game Lab1\SwarmSystem.cpp(9,37): warning C4244: '=': conversion from 'const int' to 'float', possible loss of data
  SwarmSystem.h
C:\SFML-3.0.0\include\SFML\System\Exception.hpp(41,47): warning C4275: non dll-interface class 'std::runtime_error' used as base for dll-interface class 'sf::Exception'
  (compiling source file 'SwarmSystem.h')
      C:\Program Files\Microsoft Visual Studio\2022\Community\VC\Tools\MSVC\14.41.34120\include\stdexcept(100,19):
      see declaration of 'std::runtime_error'
      C:\SFML-3.0.0\include\SFML\System\Exception.hpp(41,23):
      see declaration of 'sf::Exception'
  
  Generating Code...
C:\Users\Jordan\Desktop\4th Year Work\AIGames\AI-Games\AI Game Lab1\AI Game Lab1\Utilities.h(15,1): warning C4172: returning address of local variable or temporary 
C:\Users\Jordan\Desktop\4th Year Work\AIGames\AI-Games\AI Game Lab1\AI Game Lab1\Utilities.h(15,1): warning C4172: returning address of local variable or temporary 
C:\Users\Jordan\Desktop\4th Year Work\AIGames\AI-Games\AI Game Lab1\AI Game Lab1\Utilities.h(16,1): warning C4172: returning address of local variable or temporary 
Debug\BoundaryManager.obj : warning LNK4042: object specified more than once; extras ignored
Debug\SwarmSystem.obj : warning LNK4042: object specified more than once; extras ignored
  AI Game Lab1.vcxproj -> C:\Users\Jordan\Desktop\4th Year Work\AIGames\AI-Games\AI Game Lab1\Debug\AI Game Lab1.exe
  'pwsh.exe' is not recognized as an internal or external command,
  operable program or batch file.
