c:\users\c00287898\documents\aigames\ai-games\ai game lab1\ai game lab1\debug\vc143.pdb
c:\users\c00287898\documents\aigames\ai-games\ai game lab1\ai game lab1\debug\vc143.idb
c:\users\c00287898\documents\aigames\ai-games\ai game lab1\ai game lab1\debug\player.obj
c:\users\c00287898\documents\aigames\ai-games\ai game lab1\ai game lab1\debug\npcmanager.obj
c:\users\c00287898\documents\aigames\ai-games\ai game lab1\ai game lab1\debug\npc.obj
c:\users\c00287898\documents\aigames\ai-games\ai game lab1\ai game lab1\debug\main.obj
c:\users\c00287898\documents\aigames\ai-games\ai game lab1\ai game lab1\debug\game.obj
c:\users\c00287898\documents\aigames\ai-games\ai game lab1\ai game lab1\debug\boundarymanager.obj
c:\users\c00287898\documents\aigames\ai-games\ai game lab1\ai game lab1\debug\behaviours.obj
c:\users\c00287898\documents\aigames\ai-games\ai game lab1\debug\ai game lab1.exe
c:\users\c00287898\documents\aigames\ai-games\ai game lab1\debug\ai game lab1.pdb
c:\users\c00287898\documents\aigames\ai-games\ai game lab1\ai game lab1\debug\ai game lab1.ilk
c:\users\c00287898\documents\aigames\ai-games\ai game lab1\ai game lab1\debug\boundary.obj
c:\users\c00287898\documents\aigames\ai-games\ai game lab1\ai game lab1\debug\ai game lab1.tlog\cl.command.1.tlog
c:\users\c00287898\documents\aigames\ai-games\ai game lab1\ai game lab1\debug\ai game lab1.tlog\cl.items.tlog
c:\users\c00287898\documents\aigames\ai-games\ai game lab1\ai game lab1\debug\ai game lab1.tlog\cl.read.1.tlog
c:\users\c00287898\documents\aigames\ai-games\ai game lab1\ai game lab1\debug\ai game lab1.tlog\cl.write.1.tlog
c:\users\c00287898\documents\aigames\ai-games\ai game lab1\ai game lab1\debug\ai game lab1.tlog\link.command.1.tlog
c:\users\c00287898\documents\aigames\ai-games\ai game lab1\ai game lab1\debug\ai game lab1.tlog\link.read.1.tlog
c:\users\c00287898\documents\aigames\ai-games\ai game lab1\ai game lab1\debug\ai game lab1.tlog\link.secondary.1.tlog
c:\users\c00287898\documents\aigames\ai-games\ai game lab1\ai game lab1\debug\ai game lab1.tlog\link.write.1.tlog
